<<<<<<< HEAD
test/level1-2/069_greatest_common_divisor.ll:15:11: error: expected instruction opcode
  %t11 =  i32 %t9, %t10
          ^
=======
test/level1-2/069_greatest_common_divisor.ll:16:10: error: expected instruction opcode
  %t11 = mod i32 %t9, %t10
         ^
>>>>>>> b637afa6885e610eb544cd4e1f40c2b1ad3f22c9
1 error generated.
