<<<<<<< HEAD
test/level1-2/1076_int_factor_sum.ll:20:11: error: expected instruction opcode
  %t15 =  i32 %t13, %t14
          ^
=======
test/level1-2/1076_int_factor_sum.ll:21:10: error: expected instruction opcode
  %t15 = mod i32 %t13, %t14
         ^
>>>>>>> b637afa6885e610eb544cd4e1f40c2b1ad3f22c9
1 error generated.
