<<<<<<< HEAD
test/level1-2/1080_lcm.ll:34:11: error: expected instruction opcode
  %t26 =  i32 %t24, %t25
          ^
=======
test/level1-2/1080_lcm.ll:33:10: error: expected instruction opcode
  %t26 = mod i32 %t24, %t25
         ^
>>>>>>> b637afa6885e610eb544cd4e1f40c2b1ad3f22c9
1 error generated.
