<<<<<<< HEAD
test/level1-2/1083_enc_dec.ll:66:14: error: expected function name
declare void putint(i32)
             ^
=======
test/level1-2/1083_enc_dec.ll:59:3: error: instructions returning void cannot have a name
  %t33 =   call void @putint(i32 %t32)
  ^
>>>>>>> b637afa6885e610eb544cd4e1f40c2b1ad3f22c9
1 error generated.
